2026-05-12 16:20:46,498 [INFO] === CBL Load Form Details Bot START ===
2026-05-12 16:20:46,500 [INFO] Date range: 2026-05-11 → 2026-05-11
2026-05-12 16:20:47,423 [INFO] MySQL table ready: loadform_details
2026-05-12 16:20:49,387 [INFO] Navigating to login: https://cbl.salesflo.com/OB/login/
2026-05-12 16:21:02,098 [INFO] Logged in.
2026-05-12 16:21:02,098 [INFO] Navigating: Reports → Sale Reports → Load Form Summary Metrics
2026-05-12 16:21:12,165 [INFO]   Tile not visible (attempt 1/15)...
2026-05-12 16:21:14,186 [INFO]   Tile not visible (attempt 2/15)...
2026-05-12 16:21:16,203 [INFO]   Tile not visible (attempt 3/15)...
2026-05-12 16:21:19,739 [INFO]   Tile not visible (attempt 4/15)...
2026-05-12 16:21:21,833 [INFO]   Tile not visible (attempt 5/15)...
2026-05-12 16:21:23,929 [INFO]   Tile not visible (attempt 6/15)...
2026-05-12 16:21:26,029 [INFO]   Tile not visible (attempt 7/15)...
2026-05-12 16:21:28,136 [INFO]   Tile not visible (attempt 8/15)...
2026-05-12 16:21:30,246 [INFO]   Tile not visible (attempt 9/15)...
2026-05-12 16:21:32,332 [INFO]   Tile not visible (attempt 10/15)...
2026-05-12 16:21:34,429 [INFO]   Tile not visible (attempt 11/15)...
2026-05-12 16:21:36,548 [INFO]   Tile not visible (attempt 12/15)...
2026-05-12 16:21:38,656 [INFO]   Tile not visible (attempt 13/15)...
2026-05-12 16:21:40,758 [INFO]   Tile not visible (attempt 14/15)...
2026-05-12 16:21:42,870 [INFO]   Tile not visible (attempt 15/15)...
2026-05-12 16:21:44,870 [ERROR] Bot failed: Could not find 'Load Form Summary Metrics' tile.
Traceback (most recent call last):
  File "D:\Dash\RouteOptimization\bot.py", line 825, in run_bot
    await navigate_to_loadform(page)
  File "D:\Dash\RouteOptimization\bot.py", line 445, in navigate_to_loadform
    raise RuntimeError("Could not find 'Load Form Summary Metrics' tile.")
RuntimeError: Could not find 'Load Form Summary Metrics' tile.
2026-05-12 16:21:45,144 [INFO] Total rows in 'loadform_details': 0
2026-05-12 16:21:45,144 [INFO] === CBL Load Form Details Bot DONE ===
2026-05-12 16:22:00,368 [INFO] === CBL Load Form Details Bot START ===
2026-05-12 16:22:00,370 [INFO] Date range: 2026-05-11 → 2026-05-11
2026-05-12 16:22:01,237 [INFO] MySQL table ready: loadform_details
2026-05-12 16:22:03,048 [INFO] Navigating to login: https://cbl.salesflo.com/OB/login/
2026-05-12 16:23:22,579 [ERROR] Bot failed: Locator.press: Timeout 30000ms exceeded.
Call log:
waiting for locator("input[name=\"password\"]").first
Traceback (most recent call last):
  File "D:\Dash\RouteOptimization\bot.py", line 824, in run_bot
    await login(page)
  File "D:\Dash\RouteOptimization\bot.py", line 376, in login
    await pass_inp.press("Enter")
  File "C:\Users\Shahzeb Hassan\AppData\Local\Programs\Python\Python312\Lib\site-packages\playwright\async_api\_generated.py", line 16527, in press
    await self._impl_obj.press(
  File "C:\Users\Shahzeb Hassan\AppData\Local\Programs\Python\Python312\Lib\site-packages\playwright\_impl\_locator.py", line 514, in press
    return await self._frame.press(self._selector, strict=True, **params)
           ^^^^^^^^^^^^^^^^^^^^^^^^^^^^^^^^^^^^^^^^^^^^^^^^^^^^^^^^^^^^^^
  File "C:\Users\Shahzeb Hassan\AppData\Local\Programs\Python\Python312\Lib\site-packages\playwright\_impl\_frame.py", line 731, in press
    await self._channel.send("press", locals_to_params(locals()))
  File "C:\Users\Shahzeb Hassan\AppData\Local\Programs\Python\Python312\Lib\site-packages\playwright\_impl\_connection.py", line 59, in send
    return await self._connection.wrap_api_call(
           ^^^^^^^^^^^^^^^^^^^^^^^^^^^^^^^^^^^^^
  File "C:\Users\Shahzeb Hassan\AppData\Local\Programs\Python\Python312\Lib\site-packages\playwright\_impl\_connection.py", line 514, in wrap_api_call
    raise rewrite_error(error, f"{parsed_st['apiName']}: {error}") from None
playwright._impl._errors.TimeoutError: Locator.press: Timeout 30000ms exceeded.
Call log:
waiting for locator("input[name=\"password\"]").first

2026-05-12 16:23:23,470 [INFO] Total rows in 'loadform_details': 0
2026-05-12 16:23:23,471 [INFO] === CBL Load Form Details Bot DONE ===
2026-05-12 16:24:12,828 [INFO] === CBL Load Form Details Bot START ===
2026-05-12 16:24:12,829 [INFO] Date range: 2026-05-11 → 2026-05-11
2026-05-12 16:24:13,648 [INFO] MySQL table ready: loadform_details
2026-05-12 16:24:15,136 [INFO] Navigating to login: https://cbl.salesflo.com/OB/login/
2026-05-12 16:24:30,935 [INFO] Logged in.
2026-05-12 16:24:30,935 [INFO] Navigating: Reports → Sale Reports → Load Form Summary Metrics
2026-05-12 16:24:57,860 [ERROR] Bot failed: Could not click Sale Reports.
Traceback (most recent call last):
  File "D:\Dash\RouteOptimization\bot.py", line 825, in run_bot
    await navigate_to_loadform(page)
  File "D:\Dash\RouteOptimization\bot.py", line 418, in navigate_to_loadform
    raise RuntimeError("Could not click Sale Reports.")
RuntimeError: Could not click Sale Reports.
2026-05-12 16:25:00,541 [INFO] Total rows in 'loadform_details': 0
2026-05-12 16:25:00,541 [INFO] === CBL Load Form Details Bot DONE ===
2026-05-12 16:28:06,984 [INFO] === CBL Load Form Details Bot START ===
2026-05-12 16:28:06,986 [INFO] Date range: 2026-05-11 → 2026-05-11
2026-05-12 16:28:18,524 [INFO] MySQL table ready: loadform_details
2026-05-12 16:28:20,276 [INFO] Navigating to login: https://cbl.salesflo.com/OB/login/
2026-05-12 16:29:18,259 [ERROR] Future exception was never retrieved
future: <Future finished exception=TargetClosedError('Target page, context or browser has been closed')>
playwright._impl._errors.TargetClosedError: Target page, context or browser has been closed
2026-05-12 16:29:21,653 [INFO] === CBL Load Form Details Bot START ===
2026-05-12 16:29:21,653 [INFO] Date range: 2026-05-11 → 2026-05-11
2026-05-12 16:29:34,349 [INFO] MySQL table ready: loadform_details
2026-05-12 16:29:35,976 [INFO] Navigating to login: https://cbl.salesflo.com/OB/login/
2026-05-12 16:30:20,987 [WARNING] Login timeout (attempt 1/3)
2026-05-12 16:31:39,456 [ERROR] Bot failed: Locator.press: Timeout 30000ms exceeded.
Call log:
waiting for locator("input[name=\"password\"]").first
Traceback (most recent call last):
  File "D:\Dash\RouteOptimization\bot.py", line 882, in run_bot
    await login(page)
  File "D:\Dash\RouteOptimization\bot.py", line 380, in login
    await pass_inp.press("Enter")
  File "C:\Users\Shahzeb Hassan\AppData\Local\Programs\Python\Python312\Lib\site-packages\playwright\async_api\_generated.py", line 16527, in press
    await self._impl_obj.press(
  File "C:\Users\Shahzeb Hassan\AppData\Local\Programs\Python\Python312\Lib\site-packages\playwright\_impl\_locator.py", line 514, in press
    return await self._frame.press(self._selector, strict=True, **params)
           ^^^^^^^^^^^^^^^^^^^^^^^^^^^^^^^^^^^^^^^^^^^^^^^^^^^^^^^^^^^^^^
  File "C:\Users\Shahzeb Hassan\AppData\Local\Programs\Python\Python312\Lib\site-packages\playwright\_impl\_frame.py", line 731, in press
    await self._channel.send("press", locals_to_params(locals()))
  File "C:\Users\Shahzeb Hassan\AppData\Local\Programs\Python\Python312\Lib\site-packages\playwright\_impl\_connection.py", line 59, in send
    return await self._connection.wrap_api_call(
           ^^^^^^^^^^^^^^^^^^^^^^^^^^^^^^^^^^^^^
  File "C:\Users\Shahzeb Hassan\AppData\Local\Programs\Python\Python312\Lib\site-packages\playwright\_impl\_connection.py", line 514, in wrap_api_call
    raise rewrite_error(error, f"{parsed_st['apiName']}: {error}") from None
playwright._impl._errors.TimeoutError: Locator.press: Timeout 30000ms exceeded.
Call log:
waiting for locator("input[name=\"password\"]").first

2026-05-12 16:31:40,130 [INFO] Total rows in 'loadform_details': 0
2026-05-12 16:31:40,131 [INFO] === CBL Load Form Details Bot DONE ===
2026-05-12 16:32:01,946 [INFO] === CBL Load Form Details Bot START ===
2026-05-12 16:32:01,948 [INFO] Date range: 2026-05-11 → 2026-05-11
2026-05-12 16:32:05,879 [INFO] MySQL table ready: loadform_details
2026-05-12 16:32:07,856 [INFO] Navigating to login: https://cbl.salesflo.com/OB/login/
2026-05-12 16:32:32,494 [INFO] Logged in.
2026-05-12 16:32:32,494 [INFO] Navigating: Reports → Sale Reports → Load Form Summary Metrics
2026-05-12 16:32:52,864 [INFO] Step 1: Clicking Reports menu...
2026-05-12 16:32:52,889 [INFO]   Reports clicked: <div class="divOBTop" id="divOBTop">

 <div style="clear:both;"></div>

 <table 
2026-05-12 16:32:52,890 [INFO] Step 1 done. Waiting for Sale Reports to appear in DOM...
2026-05-12 16:32:54,893 [INFO] Step 2: Clicking Sale Reports...
2026-05-12 16:32:54,939 [INFO]   Sale Reports not found (attempt 1/25), waiting 2s...
2026-05-12 16:32:56,981 [INFO]   Sale Reports not found (attempt 2/25), waiting 2s...
2026-05-12 16:32:59,023 [INFO]   Sale Reports not found (attempt 3/25), waiting 2s...
2026-05-12 16:33:01,089 [INFO]   Sale Reports not found (attempt 4/25), waiting 2s...
2026-05-12 16:33:03,135 [INFO]   Sale Reports not found (attempt 5/25), waiting 2s...
2026-05-12 16:33:05,143 [INFO]   Re-hovering Reports menu to reopen submenu...
2026-05-12 16:33:07,368 [INFO]   Sale Reports not found (attempt 6/25), waiting 2s...
2026-05-12 16:33:09,455 [INFO]   Sale Reports not found (attempt 7/25), waiting 2s...
2026-05-12 16:33:11,489 [INFO]   Sale Reports clicked: <div class="divOBTop" id="divOBTop">

 <div style="clear:both;"></div>

 <table 
2026-05-12 16:33:16,481 [INFO] Step 3: Clicking Load Form Summary Metrics tile...
2026-05-12 16:33:16,511 [INFO]   Tile clicked: <li><a href="../credit/?page=Distributor_LoadForms">Load Forms</a></li>
2026-05-12 16:33:21,511 [INFO] Step 4: Confirming report panel is ready...
2026-05-12 16:33:23,648 [INFO]   View Report button found — panel ready.
2026-05-12 16:33:53,154 [INFO] Load Form report panel ready.
2026-05-12 16:33:53,154 [INFO] Setting report options...
2026-05-12 16:33:53,177 [INFO] QTY Type → Carton
2026-05-12 16:33:53,191 [INFO] Type Of Report → Load Form Details
2026-05-12 16:33:53,206 [INFO] Show Stores Details → checked
2026-05-12 16:33:53,218 [INFO] Date Era → Current
2026-05-12 16:33:54,219 [ERROR] Bot failed: Invalid format string
Traceback (most recent call last):
  File "D:\Dash\RouteOptimization\Bot.py", line 884, in run_bot
    await set_report_options(page, start_date, end_date)
  File "D:\Dash\RouteOptimization\Bot.py", line 593, in set_report_options
    start_str = start_date.strftime("%B %-d, %Y")
                ^^^^^^^^^^^^^^^^^^^^^^^^^^^^^^^^^
ValueError: Invalid format string
2026-05-12 16:34:00,200 [INFO] Total rows in 'loadform_details': 0
2026-05-12 16:34:00,200 [INFO] === CBL Load Form Details Bot DONE ===
2026-05-12 16:41:53,644 [INFO] === CBL Load Form Details Bot START ===
2026-05-12 16:41:53,644 [INFO] Date range: 2026-05-11 → 2026-05-11
2026-05-12 16:41:55,737 [INFO] MySQL table ready: loadform_details
2026-05-12 16:41:57,865 [INFO] Navigating to login: https://cbl.salesflo.com/OB/login/
2026-05-12 16:42:25,789 [INFO] Logged in.
2026-05-12 16:42:25,789 [INFO] Navigating: Reports → Sale Reports → Load Form Summary Metrics
2026-05-12 16:42:28,821 [INFO] Step 1: Clicking Reports menu...
2026-05-12 16:42:28,845 [INFO]   Reports clicked: <li class="reports"><a href="../reports/?page=InventoryReports"><i class="fa fa-
2026-05-12 16:42:28,845 [INFO] Step 1 done. Waiting for Sale Reports to appear in DOM...
2026-05-12 16:42:30,855 [INFO] Step 2: Clicking Sale Reports...
2026-05-12 16:42:30,895 [INFO]   Sale Reports not found (attempt 1/25), waiting 2s...
2026-05-12 16:42:32,944 [INFO]   Sale Reports not found (attempt 2/25), waiting 2s...
2026-05-12 16:42:34,989 [INFO]   Sale Reports not found (attempt 3/25), waiting 2s...
2026-05-12 16:42:37,033 [INFO]   Sale Reports not found (attempt 4/25), waiting 2s...
2026-05-12 16:42:39,072 [INFO]   Sale Reports not found (attempt 5/25), waiting 2s...
2026-05-12 16:42:41,086 [INFO]   Re-hovering Reports menu to reopen submenu...
2026-05-12 16:42:43,163 [INFO]   Sale Reports not found (attempt 6/25), waiting 2s...
2026-05-12 16:42:45,206 [INFO]   Sale Reports not found (attempt 7/25), waiting 2s...
2026-05-12 16:42:47,244 [INFO]   Sale Reports not found (attempt 8/25), waiting 2s...
2026-05-12 16:42:49,317 [INFO]   Sale Reports not found (attempt 9/25), waiting 2s...
2026-05-12 16:42:51,389 [INFO]   Sale Reports not found (attempt 10/25), waiting 2s...
2026-05-12 16:42:53,391 [INFO]   Re-hovering Reports menu to reopen submenu...
2026-05-12 16:42:55,472 [INFO]   Sale Reports not found (attempt 11/25), waiting 2s...
2026-05-12 16:42:57,526 [INFO]   Sale Reports not found (attempt 12/25), waiting 2s...
2026-05-12 16:42:59,581 [INFO]   Sale Reports not found (attempt 13/25), waiting 2s...
2026-05-12 16:43:01,643 [INFO]   Sale Reports not found (attempt 14/25), waiting 2s...
2026-05-12 16:43:03,704 [INFO]   Sale Reports not found (attempt 15/25), waiting 2s...
2026-05-12 16:43:05,717 [INFO]   Re-hovering Reports menu to reopen submenu...
2026-05-12 16:43:07,782 [INFO]   Sale Reports not found (attempt 16/25), waiting 2s...
2026-05-12 16:43:09,841 [INFO]   Sale Reports not found (attempt 17/25), waiting 2s...
2026-05-12 16:43:11,884 [INFO]   Sale Reports not found (attempt 18/25), waiting 2s...
2026-05-12 16:43:13,960 [INFO]   Sale Reports not found (attempt 19/25), waiting 2s...
2026-05-12 16:43:15,994 [INFO]   Sale Reports not found (attempt 20/25), waiting 2s...
2026-05-12 16:43:18,000 [INFO]   Re-hovering Reports menu to reopen submenu...
2026-05-12 16:43:20,076 [INFO]   Sale Reports not found (attempt 21/25), waiting 2s...
2026-05-12 16:43:22,133 [INFO]   Sale Reports not found (attempt 22/25), waiting 2s...
2026-05-12 16:43:24,189 [INFO]   Sale Reports not found (attempt 23/25), waiting 2s...
2026-05-12 16:43:26,244 [INFO]   Sale Reports not found (attempt 24/25), waiting 2s...
2026-05-12 16:43:28,304 [INFO]   Sale Reports not found (attempt 25/25), waiting 2s...
2026-05-12 16:43:30,312 [ERROR] Bot failed: Could not click Sale Reports after 50s.
Traceback (most recent call last):
  File "D:\Dash\RouteOptimization\Bot.py", line 904, in run_bot
    await navigate_to_loadform(page)
  File "D:\Dash\RouteOptimization\Bot.py", line 481, in navigate_to_loadform
    raise RuntimeError("Could not click Sale Reports after 50s.")
RuntimeError: Could not click Sale Reports after 50s.
2026-05-12 16:43:31,236 [INFO] Total rows in 'loadform_details': 0
2026-05-12 16:43:31,237 [INFO] === CBL Load Form Details Bot DONE ===
2026-05-12 16:44:40,686 [INFO] === CBL Load Form Details Bot START ===
2026-05-12 16:44:40,687 [INFO] Date range: 2026-05-11 → 2026-05-11
2026-05-12 16:46:01,426 [INFO] === CBL Load Form Details Bot START ===
2026-05-12 16:46:01,427 [INFO] Date range: 2026-05-11 → 2026-05-11
2026-05-12 16:46:02,624 [INFO] MySQL table ready: loadform_details
2026-05-12 16:46:04,729 [INFO] Navigating to login: https://cbl.salesflo.com/OB/login/
2026-05-12 16:46:41,116 [INFO] Logged in.
2026-05-12 16:46:41,116 [INFO] Navigating: Reports → Sale Reports → Load Form Summary Metrics
2026-05-12 16:46:54,327 [INFO] Step 1: Clicking Reports menu...
2026-05-12 16:46:54,347 [INFO]   Reports clicked: [LI] <li class="reports"><a href="../reports/?page=InventoryReports"><i class="f
2026-05-12 16:46:54,349 [INFO] Step 1 done. Waiting for Sale Reports to appear in DOM...
2026-05-12 16:46:56,352 [INFO] Step 2: Clicking Sale Reports...
2026-05-12 16:46:56,387 [INFO]   Sale Reports not found (attempt 1/25), waiting 2s...
2026-05-12 16:46:58,429 [INFO]   Sale Reports not found (attempt 2/25), waiting 2s...
2026-05-12 16:47:00,477 [INFO]   Sale Reports not found (attempt 3/25), waiting 2s...
2026-05-12 16:47:02,519 [INFO]   Sale Reports not found (attempt 4/25), waiting 2s...
2026-05-12 16:47:04,562 [INFO]   Sale Reports not found (attempt 5/25), waiting 2s...
2026-05-12 16:47:06,576 [INFO]   Re-hovering Reports menu to reopen submenu...
2026-05-12 16:47:08,627 [INFO]   Sale Reports not found (attempt 6/25), waiting 2s...
2026-05-12 16:47:10,662 [INFO]   Sale Reports not found (attempt 7/25), waiting 2s...
2026-05-12 16:47:12,697 [INFO]   Sale Reports not found (attempt 8/25), waiting 2s...
2026-05-12 16:47:14,744 [INFO]   Sale Reports not found (attempt 9/25), waiting 2s...
2026-05-12 16:47:16,787 [INFO]   Sale Reports not found (attempt 10/25), waiting 2s...
2026-05-12 16:47:18,793 [INFO]   Re-hovering Reports menu to reopen submenu...
2026-05-12 16:47:20,844 [INFO]   Sale Reports not found (attempt 11/25), waiting 2s...
2026-05-12 16:47:22,882 [INFO]   Sale Reports not found (attempt 12/25), waiting 2s...
2026-05-12 16:47:24,945 [INFO]   Sale Reports not found (attempt 13/25), waiting 2s...
2026-05-12 16:47:27,000 [INFO]   Sale Reports not found (attempt 14/25), waiting 2s...
2026-05-12 16:47:29,047 [INFO]   Sale Reports not found (attempt 15/25), waiting 2s...
2026-05-12 16:47:31,055 [INFO]   Re-hovering Reports menu to reopen submenu...
2026-05-12 16:47:33,110 [INFO]   Sale Reports not found (attempt 16/25), waiting 2s...
2026-05-12 16:47:35,144 [INFO]   Sale Reports not found (attempt 17/25), waiting 2s...
2026-05-12 16:47:37,183 [INFO]   Sale Reports not found (attempt 18/25), waiting 2s...
2026-05-12 16:47:39,248 [INFO]   Sale Reports not found (attempt 19/25), waiting 2s...
2026-05-12 16:47:41,306 [INFO]   Sale Reports not found (attempt 20/25), waiting 2s...
2026-05-12 16:47:43,321 [INFO]   Re-hovering Reports menu to reopen submenu...
2026-05-12 16:47:45,389 [INFO]   Sale Reports not found (attempt 21/25), waiting 2s...
2026-05-12 16:47:47,419 [INFO]   Sale Reports not found (attempt 22/25), waiting 2s...
2026-05-12 16:47:49,471 [INFO]   Sale Reports not found (attempt 23/25), waiting 2s...
2026-05-12 16:47:51,525 [INFO]   Sale Reports not found (attempt 24/25), waiting 2s...
2026-05-12 16:47:53,567 [INFO]   Sale Reports not found (attempt 25/25), waiting 2s...
2026-05-12 16:47:55,572 [ERROR] Bot failed: Could not click Sale Reports after 50s.
Traceback (most recent call last):
  File "D:\Dash\RouteOptimization\bot.py", line 914, in run_bot
    await navigate_to_loadform(page)
  File "D:\Dash\RouteOptimization\bot.py", line 491, in navigate_to_loadform
    raise RuntimeError("Could not click Sale Reports after 50s.")
RuntimeError: Could not click Sale Reports after 50s.
2026-05-12 16:47:56,357 [INFO] Total rows in 'loadform_details': 0
2026-05-12 16:47:56,358 [INFO] === CBL Load Form Details Bot DONE ===
2026-05-12 16:48:23,281 [INFO] === CBL Load Form Details Bot START ===
2026-05-12 16:48:23,281 [INFO] Date range: 2026-05-11 → 2026-05-11
2026-05-12 16:48:26,701 [INFO] MySQL table ready: loadform_details
2026-05-12 16:48:28,325 [INFO] Navigating to login: https://cbl.salesflo.com/OB/login/
2026-05-12 16:49:13,344 [WARNING] Login timeout (attempt 1/3)
2026-05-12 16:49:16,213 [ERROR] Bot failed: Page.goto: net::ERR_NETWORK_IO_SUSPENDED at https://cbl.salesflo.com/OB/login/
Call log:
navigating to "https://cbl.salesflo.com/OB/login/", waiting until "domcontentloaded"
Traceback (most recent call last):
  File "D:\Dash\RouteOptimization\Bot.py", line 913, in run_bot
    await login(page)
  File "D:\Dash\RouteOptimization\Bot.py", line 345, in login
    await page.goto(BASE_URL, wait_until="domcontentloaded", timeout=LOGIN_TIMEOUT_MS)
  File "C:\Users\Shahzeb Hassan\AppData\Local\Programs\Python\Python312\Lib\site-packages\playwright\async_api\_generated.py", line 8657, in goto
    await self._impl_obj.goto(
  File "C:\Users\Shahzeb Hassan\AppData\Local\Programs\Python\Python312\Lib\site-packages\playwright\_impl\_page.py", line 519, in goto
    return await self._main_frame.goto(**locals_to_params(locals()))
           ^^^^^^^^^^^^^^^^^^^^^^^^^^^^^^^^^^^^^^^^^^^^^^^^^^^^^^^^^
  File "C:\Users\Shahzeb Hassan\AppData\Local\Programs\Python\Python312\Lib\site-packages\playwright\_impl\_frame.py", line 145, in goto
    await self._channel.send("goto", locals_to_params(locals()))
  File "C:\Users\Shahzeb Hassan\AppData\Local\Programs\Python\Python312\Lib\site-packages\playwright\_impl\_connection.py", line 59, in send
    return await self._connection.wrap_api_call(
           ^^^^^^^^^^^^^^^^^^^^^^^^^^^^^^^^^^^^^
  File "C:\Users\Shahzeb Hassan\AppData\Local\Programs\Python\Python312\Lib\site-packages\playwright\_impl\_connection.py", line 514, in wrap_api_call
    raise rewrite_error(error, f"{parsed_st['apiName']}: {error}") from None
playwright._impl._errors.Error: Page.goto: net::ERR_NETWORK_IO_SUSPENDED at https://cbl.salesflo.com/OB/login/
Call log:
navigating to "https://cbl.salesflo.com/OB/login/", waiting until "domcontentloaded"

2026-05-12 16:49:16,994 [INFO] Total rows in 'loadform_details': 0
2026-05-12 16:49:17,004 [INFO] === CBL Load Form Details Bot DONE ===
2026-05-12 21:08:25,778 [INFO] === CBL Load Form Details Bot START ===
2026-05-12 21:08:25,806 [INFO] Date range: 2026-05-11 → 2026-05-11
2026-05-12 21:08:27,873 [INFO] MySQL table ready: loadform_details
2026-05-12 21:08:30,538 [INFO] Navigating to login: https://cbl.salesflo.com/OB/login/
2026-05-12 21:08:47,779 [INFO] Logged in.
2026-05-12 21:08:47,779 [INFO] Navigating: Reports → Sale Reports → Load Form Summary Metrics
2026-05-12 21:08:50,800 [INFO] Step 1: Clicking Reports menu...
2026-05-12 21:08:50,823 [INFO]   Reports clicked: [LI] <li class="reports"><a href="../reports/?page=InventoryReports"><i class="f
2026-05-12 21:08:50,823 [INFO] Step 1 done. Waiting for Sale Reports to appear in DOM...
2026-05-12 21:08:52,834 [INFO] Step 2: Clicking Sale Reports...
2026-05-12 21:08:52,856 [INFO]   Sale Reports not found (attempt 1/25), waiting 2s...
2026-05-12 21:08:54,887 [INFO]   Sale Reports not found (attempt 2/25), waiting 2s...
2026-05-12 21:08:56,932 [INFO]   Sale Reports not found (attempt 3/25), waiting 2s...
2026-05-12 21:08:58,967 [INFO]   Sale Reports not found (attempt 4/25), waiting 2s...
2026-05-12 21:09:00,997 [INFO]   Sale Reports not found (attempt 5/25), waiting 2s...
2026-05-12 21:09:03,002 [INFO]   Re-hovering Reports menu to reopen submenu...
2026-05-12 21:09:05,059 [INFO]   Sale Reports not found (attempt 6/25), waiting 2s...
2026-05-12 21:09:07,105 [INFO]   Sale Reports not found (attempt 7/25), waiting 2s...
2026-05-12 21:09:09,133 [INFO]   Sale Reports not found (attempt 8/25), waiting 2s...
2026-05-12 21:09:11,178 [INFO]   Sale Reports not found (attempt 9/25), waiting 2s...
2026-05-12 21:09:13,217 [INFO]   Sale Reports not found (attempt 10/25), waiting 2s...
2026-05-12 21:09:15,218 [INFO]   Re-hovering Reports menu to reopen submenu...
2026-05-12 21:09:17,267 [INFO]   Sale Reports not found (attempt 11/25), waiting 2s...
2026-05-12 21:09:19,312 [INFO]   Sale Reports not found (attempt 12/25), waiting 2s...
2026-05-12 21:09:21,333 [INFO]   Sale Reports not found (attempt 13/25), waiting 2s...
2026-05-12 21:09:23,358 [INFO]   Sale Reports not found (attempt 14/25), waiting 2s...
2026-05-12 21:09:25,406 [INFO]   Sale Reports not found (attempt 15/25), waiting 2s...
2026-05-12 21:09:27,407 [INFO]   Re-hovering Reports menu to reopen submenu...
2026-05-12 21:09:29,493 [INFO]   Sale Reports not found (attempt 16/25), waiting 2s...
2026-05-12 21:09:31,539 [INFO]   Sale Reports not found (attempt 17/25), waiting 2s...
2026-05-12 21:09:33,593 [INFO]   Sale Reports not found (attempt 18/25), waiting 2s...
2026-05-12 21:09:35,672 [INFO]   Sale Reports not found (attempt 19/25), waiting 2s...
2026-05-12 21:09:37,712 [INFO]   Sale Reports not found (attempt 20/25), waiting 2s...
2026-05-12 21:09:39,725 [INFO]   Re-hovering Reports menu to reopen submenu...
2026-05-12 21:09:41,806 [INFO]   Sale Reports not found (attempt 21/25), waiting 2s...
2026-05-12 21:16:46,461 [INFO] === CBL Load Form Details Bot START ===
2026-05-12 21:16:46,461 [INFO] DB: host=db42280.public.databaseasp.net port=3306 db=db42280 user_set=yes | Salesflo user_set=yes
2026-05-12 21:16:47,719 [INFO] MySQL tables ready: loadform_details, cbl_bot_run_log
2026-05-12 21:16:49,097 [INFO] [account_1] Navigating to login: https://cbl.salesflo.com/OB/login/
2026-05-12 21:17:08,508 [INFO] [account_1] Logged in successfully.
2026-05-12 21:18:55,685 [INFO] === CBL Load Form Details Bot START ===
2026-05-12 21:18:55,686 [INFO] DB: host=db42280.public.databaseasp.net port=3306 db=db42280 user_set=yes | Salesflo user_set=yes
2026-05-12 21:19:06,146 [INFO] MySQL tables ready: loadform_details, cbl_bot_run_log
2026-05-12 21:19:07,920 [INFO] [account_1] Navigating to login: https://cbl.salesflo.com/OB/login/
2026-05-12 21:19:23,620 [INFO] [account_1] Logged in successfully.
2026-05-12 21:21:13,240 [INFO] === CBL Load Form Details Bot START ===
2026-05-12 21:21:13,240 [INFO] DB: host=db42280.public.databaseasp.net port=3306 db=db42280 user_set=yes | Salesflo user_set=yes
2026-05-12 21:21:14,371 [INFO] MySQL tables ready: loadform_details, cbl_bot_run_log
2026-05-12 21:21:16,163 [INFO] [account_1] Navigating to login: https://cbl.salesflo.com/OB/login/
2026-05-12 21:21:30,314 [INFO] [account_1] Logged in successfully.
2026-05-12 21:21:30,491 [INFO] [account_1] Last saved: 2026-04-30. Fetching 2026-05-01 → 2026-05-11.
2026-05-12 21:21:30,492 [INFO] [account_1] Navigating: Reports → Sale Reports → Load Form Summary Metrics
2026-05-12 21:21:33,536 [INFO] [account_1] Step 1: Clicking Reports menu...
2026-05-12 21:21:33,562 [INFO] [account_1]   Reports clicked: <div class="divOBTop" id="divOBTop">

 <div style="clear:both;"></div>

 <table 
2026-05-12 21:21:35,564 [INFO] [account_1] Step 2: Clicking Sale Reports...
2026-05-12 21:21:35,604 [INFO] [account_1]   Sale Reports not found (attempt 1/25), waiting 2s...
2026-05-12 21:21:37,646 [INFO] [account_1]   Sale Reports not found (attempt 2/25), waiting 2s...
2026-05-12 21:21:39,692 [INFO] [account_1]   Sale Reports not found (attempt 3/25), waiting 2s...
2026-05-12 21:21:41,728 [INFO] [account_1]   Sale Reports not found (attempt 4/25), waiting 2s...
2026-05-12 21:21:43,768 [INFO] [account_1]   Sale Reports not found (attempt 5/25), waiting 2s...
2026-05-12 21:21:45,783 [INFO] [account_1]   Re-hovering Reports menu...
2026-05-12 21:21:47,844 [INFO] [account_1]   Sale Reports not found (attempt 6/25), waiting 2s...
2026-05-12 21:21:49,893 [INFO] [account_1]   Sale Reports not found (attempt 7/25), waiting 2s...
2026-05-12 21:21:51,954 [INFO] [account_1]   Sale Reports not found (attempt 8/25), waiting 2s...
2026-05-12 21:21:54,006 [INFO] [account_1]   Sale Reports not found (attempt 9/25), waiting 2s...
2026-05-12 21:21:56,058 [INFO] [account_1]   Sale Reports not found (attempt 10/25), waiting 2s...
2026-05-12 21:21:58,066 [INFO] [account_1]   Re-hovering Reports menu...
2026-05-12 21:22:00,146 [INFO] [account_1]   Sale Reports not found (attempt 11/25), waiting 2s...
2026-05-12 21:22:02,187 [INFO] [account_1]   Sale Reports not found (attempt 12/25), waiting 2s...
2026-05-12 21:22:04,212 [INFO] [account_1]   Sale Reports clicked: <div class="divOBTop" id="divOBTop">

 <div style="clear:both;"></div>

 <table 
2026-05-12 21:22:09,231 [INFO] [account_1] Step 3: Clicking Load Form Summary Metrics tile...
2026-05-12 21:22:10,099 [INFO] [account_1]   Tile clicked: <ul>
                        <li><a href="../credit/?page=Orders_Booker">Secondary Orders</a></li>
                     
2026-05-12 21:22:15,102 [INFO] [account_1] Step 4: Confirming report panel...
2026-05-12 21:22:22,960 [INFO] [account_1]   View Report button found — panel ready.
2026-05-12 21:22:23,937 [INFO] [account_1] Load Form report panel ready.
2026-05-12 21:22:23,938 [INFO] [account_1] Setting report options...
2026-05-12 21:22:23,967 [INFO] [account_1]   QTY Type → Carton → ok
2026-05-12 21:22:23,994 [INFO] [account_1]   Type Of Report → Load Form Details → ok
2026-05-12 21:22:24,026 [INFO] [account_1]   Show Stores Details → checked → not found
2026-05-12 21:22:24,056 [INFO] [account_1]   Date Era → Current → not found
2026-05-12 21:22:25,063 [ERROR] [account_1] FAILED 2026-05-01 → 2026-05-11: Invalid format string
2026-05-12 21:22:25,856 [INFO] Total rows in 'loadform_details': 1
2026-05-12 21:22:25,857 [ERROR] Bot finished with failures. Check logs above.
2026-05-12 21:22:25,857 [INFO] === CBL Load Form Details Bot DONE ===
2026-05-12 21:28:50,733 [INFO] === CBL Load Form Details Bot START ===
2026-05-12 21:28:50,734 [INFO] Date range: 2026-05-11 → 2026-05-11
2026-05-12 21:28:52,922 [INFO] MySQL table ready: loadform_details
2026-05-12 21:28:54,677 [INFO] Navigating to login: https://cbl.salesflo.com/OB/login/
2026-05-12 21:29:15,716 [INFO] Logged in.
2026-05-12 21:29:15,716 [INFO] Navigating: Reports → Sale Reports → Load Form Summary Metrics
2026-05-12 21:29:18,763 [INFO] Step 1: Navigating to Reports page...
2026-05-12 21:29:48,775 [WARNING]   Direct navigation failed, attempting click: Page.goto: Timeout 30000ms exceeded.
Call log:
navigating to "https://cbl.salesflo.com/OB/reports/?page=InventoryReports", waiting until "networkidle"

2026-05-12 21:29:49,239 [INFO]   Reports clicked: [LI] <li class="reports" style="background-color: rgb(211, 221, 230);"><a href="
2026-05-12 21:29:49,239 [INFO] Step 1 done. Waiting for Sale Reports to appear in DOM...
2026-05-12 21:29:51,247 [INFO] Step 2: Clicking Sale Reports...
2026-05-12 21:29:51,531 [INFO]   Sale Reports clicked: [A] <a href="#noanchor" oncontextmenu="UrlUpdate(&quot;SaleReports&quot;);" oncl
2026-05-12 21:29:56,614 [INFO]   Tile not visible (attempt 1/20), waiting 2s...
2026-05-12 21:29:58,694 [INFO]   Tile not visible (attempt 2/20), waiting 2s...
2026-05-12 21:30:00,756 [INFO]   Tile not visible (attempt 3/20), waiting 2s...
2026-05-12 21:30:02,831 [INFO]   Tile not visible (attempt 4/20), waiting 2s...
2026-05-12 21:30:04,911 [INFO]   Tile not visible (attempt 5/20), waiting 2s...
2026-05-12 21:30:06,976 [INFO]   Tile not visible (attempt 6/20), waiting 2s...
2026-05-12 21:30:17,167 [INFO]   Tile not visible (attempt 7/20), waiting 2s...
2026-05-12 21:30:19,759 [INFO]   Tile not visible (attempt 8/20), waiting 2s...
2026-05-12 21:30:22,389 [INFO]   Tile not visible (attempt 9/20), waiting 2s...
2026-05-12 21:30:25,077 [INFO]   Tile not visible (attempt 10/20), waiting 2s...
2026-05-12 21:30:27,692 [INFO]   Tile not visible (attempt 11/20), waiting 2s...
2026-05-12 21:30:30,296 [INFO]   Tile not visible (attempt 12/20), waiting 2s...
2026-05-12 21:30:32,923 [INFO]   Tile not visible (attempt 13/20), waiting 2s...
2026-05-12 21:30:35,546 [INFO]   Tile not visible (attempt 14/20), waiting 2s...
2026-05-12 21:30:38,138 [INFO]   Tile not visible (attempt 15/20), waiting 2s...
2026-05-12 21:30:40,763 [INFO]   Tile not visible (attempt 16/20), waiting 2s...
2026-05-12 21:30:43,379 [INFO]   Tile not visible (attempt 17/20), waiting 2s...
2026-05-12 21:30:45,805 [INFO]   Tile not visible (attempt 18/20), waiting 2s...
2026-05-12 21:30:48,473 [INFO]   Tile not visible (attempt 19/20), waiting 2s...
2026-05-12 21:30:50,831 [INFO]   Tile not visible (attempt 20/20), waiting 2s...
2026-05-12 21:30:52,932 [INFO]   Tile clicked (fallback): [LI] <li><a href="../credit/?page=Distributor_LoadForms">Load Forms</a></li>
2026-05-12 21:30:57,947 [INFO] Step 4: Confirming report panel is ready...
2026-05-12 21:30:58,118 [INFO]   View Report button found — panel ready.
2026-05-12 21:30:58,167 [INFO] Load Form report panel ready.
2026-05-12 21:30:58,167 [INFO] Setting report options...
2026-05-12 21:30:58,209 [INFO] QTY Type → Carton: OK
2026-05-12 21:30:58,242 [INFO] Type Of Report → Load Form Details: NOT FOUND
2026-05-12 21:31:00,818 [INFO] Show Stores Details → checked: NOT FOUND
2026-05-12 21:31:00,839 [INFO] Date Era → Current: NOT FOUND
2026-05-12 21:31:03,018 [INFO] Delivery From Date: May 11, 2026 (OK)
2026-05-12 21:31:03,154 [INFO] Delivery To Date: May 11, 2026 (OK)
2026-05-12 21:31:04,163 [INFO] Clicking View Report inside Load Form panel...
2026-05-12 21:31:04,220 [WARNING] Attempt 1: View Report not inside panel. Retrying...
2026-05-12 21:31:06,282 [WARNING] Attempt 2: View Report not inside panel. Retrying...
2026-05-12 21:31:08,331 [WARNING] Attempt 3: View Report not inside panel. Retrying...
2026-05-12 21:31:10,565 [INFO] Clicked 'View Report' via fallback.
2026-05-12 21:31:11,939 [INFO] Generate modal detected — clicking Generate.
2026-05-12 21:31:13,499 [INFO] New tab opened after Generate.
2026-05-12 21:31:13,546 [INFO] Waiting for #StickyTable tbody to populate...
2026-05-12 21:31:30,779 [INFO]   Still waiting... (15s)
2026-05-12 21:31:46,179 [INFO]   Still waiting... (30s)
2026-05-12 21:32:01,534 [INFO]   Still waiting... (45s)
2026-05-12 21:32:16,933 [INFO]   Still waiting... (60s)
2026-05-12 21:32:37,881 [INFO] === CBL Load Form Details Bot START ===
2026-05-12 21:32:37,881 [INFO] Date range: 2026-05-11 → 2026-05-11
2026-05-12 21:32:39,173 [INFO] MySQL table ready: loadform_details
2026-05-12 21:32:40,771 [INFO] Navigating to login: https://cbl.salesflo.com/OB/login/
2026-05-12 21:33:04,017 [INFO] Logged in.
2026-05-12 21:33:04,017 [INFO] Navigating: Reports → Sale Reports → Load Form Summary Metrics
2026-05-12 21:33:07,089 [INFO] Step 1: Navigating to Reports page...
2026-05-12 21:33:27,619 [INFO]   Navigated to Reports page via link.
2026-05-12 21:33:27,619 [INFO] Step 1 done. Waiting for Sale Reports to appear in DOM...
2026-05-12 21:33:29,622 [INFO] Step 2: Clicking Sale Reports...
2026-05-12 21:33:29,737 [INFO]   Sale Reports clicked: [A] <a href="#noanchor" oncontextmenu="UrlUpdate(&quot;SaleReports&quot;);" oncl
2026-05-12 21:33:36,159 [INFO]   Tile clicked: [TD] <td style="width:50px;" align="center"><a class="menu" style="text-decoration:none;" href="#noanchor" onclick="Ajax
2026-05-12 21:33:41,164 [INFO] Step 4: Confirming report panel is ready...
2026-05-12 21:33:41,229 [INFO]   View Report button found — panel ready.
2026-05-12 21:33:41,243 [INFO] Load Form report panel ready.
2026-05-12 21:33:41,243 [INFO] Setting report options...
2026-05-12 21:33:41,260 [INFO] QTY Type → Carton: OK
2026-05-12 21:33:41,268 [INFO] Type Of Report → Load Form Details: NOT FOUND
2026-05-12 21:33:42,406 [INFO] Show Stores Details → checked: NOT FOUND
2026-05-12 21:33:42,413 [INFO] Date Era → Current: NOT FOUND
2026-05-12 21:33:44,132 [INFO] Delivery From Date: May 11, 2026 (OK)
2026-05-12 21:33:44,231 [INFO] Delivery To Date: May 11, 2026 (OK)
2026-05-12 21:33:45,241 [INFO] Clicking View Report inside Load Form panel...
2026-05-12 21:33:45,257 [WARNING] Attempt 1: View Report not inside panel. Retrying...
2026-05-12 21:33:47,287 [WARNING] Attempt 2: View Report not inside panel. Retrying...
2026-05-12 21:33:49,308 [WARNING] Attempt 3: View Report not inside panel. Retrying...
2026-05-12 21:33:51,416 [INFO] Clicked 'View Report' via fallback.
2026-05-12 21:33:52,717 [INFO] Generate modal detected — clicking Generate.
2026-05-12 21:33:53,490 [INFO] New tab opened after Generate.
2026-05-12 21:33:53,513 [INFO] Waiting for #StickyTable tbody to populate...
2026-05-12 21:34:09,727 [INFO]   Still waiting... (15s)
2026-05-12 21:34:11,775 [INFO] tbody: 106 rows after 17s.
2026-05-12 21:34:11,775 [INFO] Scrolling table...
2026-05-12 21:34:14,382 [INFO] Stable at 106 rows.
2026-05-12 21:34:14,417 [INFO] DOM: header_cols=0  rows=106
2026-05-12 21:34:14,422 [INFO] Clean rows=105  cols/row=17  KNOWN_HEADERS=23
2026-05-12 21:34:14,423 [WARNING] Header: auto col_N (17 cols)
2026-05-12 21:34:14,423 [INFO] Parsed 105 rows. First row sample: [('col_0', '1'), ('col_1', 'Bazaar Technologies (KHI)'), ('col_2', 'D0573'), ('col_3', 'DD'), ('col_4', 'KARACHI'), ('col_5', 'BP Tiger 18.0g 30x18 Rs.10 (2+2+2')]
2026-05-12 21:34:14,573 [INFO] Deleted old rows for 2026-05-11 → 2026-05-11. Inserting 105 rows...
2026-05-12 21:34:19,983 [INFO] Inserted 105 rows into 'loadform_details'.
2026-05-12 21:34:19,983 [INFO] Saved: 105 rows
2026-05-12 21:34:20,152 [INFO]   (106, datetime.datetime(2026, 5, 12, 21, 34, 14), datetime.date(2026, 5, 11), datetime.date(2026, 5, 11), None, None, None, None)
2026-05-12 21:34:20,154 [INFO]   (105, datetime.datetime(2026, 5, 12, 21, 34, 14), datetime.date(2026, 5, 11), datetime.date(2026, 5, 11), None, None, None, None)
2026-05-12 21:34:20,154 [INFO]   (104, datetime.datetime(2026, 5, 12, 21, 34, 14), datetime.date(2026, 5, 11), datetime.date(2026, 5, 11), None, None, None, None)
2026-05-12 21:34:20,154 [INFO]   (103, datetime.datetime(2026, 5, 12, 21, 34, 14), datetime.date(2026, 5, 11), datetime.date(2026, 5, 11), None, None, None, None)
2026-05-12 21:34:20,155 [INFO]   (102, datetime.datetime(2026, 5, 12, 21, 34, 14), datetime.date(2026, 5, 11), datetime.date(2026, 5, 11), None, None, None, None)
2026-05-12 21:34:20,634 [INFO] Total rows in 'loadform_details': 106
2026-05-12 21:34:20,634 [INFO] === CBL Load Form Details Bot DONE ===
2026-05-12 21:38:21,733 [INFO] === CBL Load Form Details Bot START ===
2026-05-12 21:38:21,734 [INFO] Date range: 2026-05-11 → 2026-05-11
2026-05-12 21:38:23,818 [INFO] MySQL table ready: loadform_details
2026-05-12 21:38:28,628 [INFO] Navigating to login: https://cbl.salesflo.com/OB/login/
2026-05-12 21:39:32,729 [INFO] === CBL Load Form Details Bot START ===
2026-05-12 21:39:32,729 [INFO] Date range: 2026-05-11 → 2026-05-11
2026-05-12 21:39:34,009 [INFO] MySQL table ready: loadform_details
2026-05-12 21:39:35,088 [INFO] Navigating to login: https://cbl.salesflo.com/OB/login/
2026-05-12 21:41:02,282 [ERROR] Bot failed: Locator.press: Timeout 30000ms exceeded.
Call log:
waiting for locator("input[name=\"password\"]").first
Traceback (most recent call last):
  File "D:\Dash\RouteOptimization\Bot.py", line 918, in run_bot
    await login(page)
  File "D:\Dash\RouteOptimization\Bot.py", line 380, in login
    await pass_inp.press("Enter")
  File "c:\Users\Shahzeb Hassan\AppData\Local\Programs\Python\Python312\Lib\site-packages\playwright\async_api\_generated.py", line 16527, in press
    await self._impl_obj.press(
  File "c:\Users\Shahzeb Hassan\AppData\Local\Programs\Python\Python312\Lib\site-packages\playwright\_impl\_locator.py", line 514, in press
    return await self._frame.press(self._selector, strict=True, **params)
           ^^^^^^^^^^^^^^^^^^^^^^^^^^^^^^^^^^^^^^^^^^^^^^^^^^^^^^^^^^^^^^
  File "c:\Users\Shahzeb Hassan\AppData\Local\Programs\Python\Python312\Lib\site-packages\playwright\_impl\_frame.py", line 731, in press
    await self._channel.send("press", locals_to_params(locals()))
  File "c:\Users\Shahzeb Hassan\AppData\Local\Programs\Python\Python312\Lib\site-packages\playwright\_impl\_connection.py", line 59, in send
    return await self._connection.wrap_api_call(
           ^^^^^^^^^^^^^^^^^^^^^^^^^^^^^^^^^^^^^
  File "c:\Users\Shahzeb Hassan\AppData\Local\Programs\Python\Python312\Lib\site-packages\playwright\_impl\_connection.py", line 514, in wrap_api_call
    raise rewrite_error(error, f"{parsed_st['apiName']}: {error}") from None
playwright._impl._errors.TimeoutError: Locator.press: Timeout 30000ms exceeded.
Call log:
waiting for locator("input[name=\"password\"]").first

2026-05-12 21:41:02,773 [INFO] Total rows in 'loadform_details': 106
2026-05-12 21:41:02,773 [INFO] === CBL Load Form Details Bot DONE ===
2026-05-12 21:41:21,389 [INFO] === CBL Load Form Details Bot START ===
2026-05-12 21:41:21,393 [INFO] Date range: 2026-05-11 → 2026-05-11
2026-05-12 21:41:22,244 [INFO] MySQL table ready: loadform_details
2026-05-12 21:41:23,460 [INFO] Navigating to login: https://cbl.salesflo.com/OB/login/
2026-05-12 21:41:43,034 [INFO] Logged in.
2026-05-12 21:41:43,034 [INFO] Navigating: Reports → Sale Reports → Load Form Summary Metrics
2026-05-12 21:41:46,068 [INFO] Step 1: Navigating to Reports page...
2026-05-12 21:42:03,613 [INFO]   Navigated to Reports page via link.
2026-05-12 21:42:03,613 [INFO] Step 1 done. Waiting for Sale Reports to appear in DOM...
2026-05-12 21:42:05,629 [INFO] Step 2: Clicking Sale Reports...
2026-05-12 21:42:05,747 [INFO]   Sale Reports clicked: [A] <a href="#noanchor" oncontextmenu="UrlUpdate(&quot;SaleReports&quot;);" oncl
2026-05-12 21:42:11,816 [INFO]   Tile clicked: [TD] <td style="width:50px;" align="center"><a class="menu" style="text-decoration:none;" href="#noanchor" onclick="Ajax
2026-05-12 21:42:16,831 [INFO] Step 4: Confirming report panel is ready...
2026-05-12 21:42:16,843 [INFO]   Report panel confirmed visible.
2026-05-12 21:42:16,856 [INFO] Load Form report panel ready.
2026-05-12 21:42:16,856 [INFO] Setting report options...
2026-05-12 21:42:16,873 [INFO] QTY Type → Carton: OK
2026-05-12 21:42:16,882 [INFO] Type Of Report → Load Form Details: NOT FOUND
2026-05-12 21:42:18,202 [INFO] Show Stores Details → checked: NOT FOUND
2026-05-12 21:42:18,210 [INFO] Date Era → Current: NOT FOUND
2026-05-12 21:42:20,072 [INFO] Delivery From Date: May 11, 2026 (OK)
2026-05-12 21:42:20,168 [INFO] Delivery To Date: May 11, 2026 (OK)
2026-05-12 21:42:21,171 [INFO] Clicking View Report inside Load Form panel...
2026-05-12 21:42:21,191 [WARNING] Attempt 1: View Report not inside panel. Retrying...
2026-05-12 21:42:23,254 [WARNING] Attempt 2: View Report not inside panel. Retrying...
2026-05-12 21:42:25,283 [WARNING] Attempt 3: View Report not inside panel. Retrying...
2026-05-12 21:42:27,408 [INFO] Clicked 'View Report' via fallback.
2026-05-12 21:42:29,094 [INFO] Generate modal detected — clicking Generate.
2026-05-12 21:42:30,199 [INFO] New tab opened after Generate.
2026-05-12 21:42:30,227 [INFO] Waiting for #StickyTable tbody to populate...
2026-05-12 21:42:42,239 [INFO] tbody: 106 rows after 11s.
2026-05-12 21:42:42,239 [INFO] Scrolling table...
2026-05-12 21:42:44,854 [INFO] Stable at 106 rows.
2026-05-12 21:42:44,882 [INFO] DOM: header_cols=0  rows=106
2026-05-12 21:42:44,888 [INFO] Clean rows=105  cols/row=17  KNOWN_HEADERS=23
2026-05-12 21:42:44,888 [WARNING] Header: auto col_N (17 cols)
2026-05-12 21:42:44,889 [INFO] Parsed 105 rows. First row sample: [('col_0', '1'), ('col_1', 'Bazaar Technologies (KHI)'), ('col_2', 'D0573'), ('col_3', 'DD'), ('col_4', 'KARACHI'), ('col_5', 'BP Tiger 18.0g 30x18 Rs.10 (2+2+2')]
2026-05-12 21:42:45,077 [INFO] Deleted old rows for 2026-05-11 → 2026-05-11. Inserting 105 rows...
2026-05-12 21:42:46,035 [INFO] Inserted 105 rows into 'loadform_details'.
2026-05-12 21:42:46,035 [INFO] Saved: 105 rows
2026-05-12 21:42:46,211 [INFO]   (211, datetime.datetime(2026, 5, 12, 21, 42, 45), datetime.date(2026, 5, 11), datetime.date(2026, 5, 11), None, None, None, None)
2026-05-12 21:42:46,212 [INFO]   (210, datetime.datetime(2026, 5, 12, 21, 42, 45), datetime.date(2026, 5, 11), datetime.date(2026, 5, 11), None, None, None, None)
2026-05-12 21:42:46,212 [INFO]   (209, datetime.datetime(2026, 5, 12, 21, 42, 45), datetime.date(2026, 5, 11), datetime.date(2026, 5, 11), None, None, None, None)
2026-05-12 21:42:46,213 [INFO]   (208, datetime.datetime(2026, 5, 12, 21, 42, 45), datetime.date(2026, 5, 11), datetime.date(2026, 5, 11), None, None, None, None)
2026-05-12 21:42:46,213 [INFO]   (207, datetime.datetime(2026, 5, 12, 21, 42, 45), datetime.date(2026, 5, 11), datetime.date(2026, 5, 11), None, None, None, None)
2026-05-12 21:42:46,823 [INFO] Total rows in 'loadform_details': 106
2026-05-12 21:42:46,823 [INFO] === CBL Load Form Details Bot DONE ===
2026-05-12 21:45:16,733 [INFO] === CBL Load Form Details Bot START ===
2026-05-12 21:45:16,733 [INFO] Date range: 2026-05-11 → 2026-05-11
2026-05-12 21:45:19,717 [INFO] MySQL table ready: loadform_details
2026-05-12 21:45:21,489 [INFO] Navigating to login: https://cbl.salesflo.com/OB/login/
2026-05-12 21:46:06,518 [WARNING] Login timeout (attempt 1/3)
2026-05-12 21:46:41,556 [INFO] === CBL Load Form Details Bot START ===
2026-05-12 21:46:41,556 [INFO] Date range: 2026-05-11 → 2026-05-11
2026-05-12 21:48:43,167 [INFO] === CBL Load Form Details Bot START ===
2026-05-12 21:48:43,167 [INFO] Date range: 2026-05-11 → 2026-05-11
2026-05-12 21:49:18,414 [INFO] === CBL Load Form Details Bot START ===
2026-05-12 21:49:18,414 [INFO] Date range: 2026-05-11 → 2026-05-11
2026-05-12 21:50:58,029 [INFO] === CBL Load Form Details Bot START ===
2026-05-12 21:50:58,029 [INFO] Date range: 2026-05-11 → 2026-05-11
2026-05-12 21:50:59,597 [INFO] MySQL table ready: loadform_details
2026-05-12 21:51:01,540 [INFO] Navigating to login: https://cbl.salesflo.com/OB/login/
2026-05-12 21:51:46,559 [WARNING] Login timeout (attempt 1/3)
2026-05-12 21:52:31,572 [WARNING] Login timeout (attempt 2/3)
2026-05-12 21:52:51,045 [ERROR] Bot failed: Page.goto: net::ERR_ABORTED; maybe frame was detached?
Call log:
navigating to "https://cbl.salesflo.com/OB/login/", waiting until "domcontentloaded"
Traceback (most recent call last):
  File "D:\Dash\RouteOptimization\Bot.py", line 930, in run_bot
    await login(page)
  File "D:\Dash\RouteOptimization\Bot.py", line 345, in login
    await page.goto(BASE_URL, wait_until="domcontentloaded", timeout=LOGIN_TIMEOUT_MS)
  File "c:\Users\Shahzeb Hassan\AppData\Local\Programs\Python\Python312\Lib\site-packages\playwright\async_api\_generated.py", line 8657, in goto
    await self._impl_obj.goto(
  File "c:\Users\Shahzeb Hassan\AppData\Local\Programs\Python\Python312\Lib\site-packages\playwright\_impl\_page.py", line 519, in goto
    return await self._main_frame.goto(**locals_to_params(locals()))
           ^^^^^^^^^^^^^^^^^^^^^^^^^^^^^^^^^^^^^^^^^^^^^^^^^^^^^^^^^
  File "c:\Users\Shahzeb Hassan\AppData\Local\Programs\Python\Python312\Lib\site-packages\playwright\_impl\_frame.py", line 145, in goto
    await self._channel.send("goto", locals_to_params(locals()))
  File "c:\Users\Shahzeb Hassan\AppData\Local\Programs\Python\Python312\Lib\site-packages\playwright\_impl\_connection.py", line 59, in send
    return await self._connection.wrap_api_call(
           ^^^^^^^^^^^^^^^^^^^^^^^^^^^^^^^^^^^^^
  File "c:\Users\Shahzeb Hassan\AppData\Local\Programs\Python\Python312\Lib\site-packages\playwright\_impl\_connection.py", line 514, in wrap_api_call
    raise rewrite_error(error, f"{parsed_st['apiName']}: {error}") from None
playwright._impl._errors.Error: Page.goto: net::ERR_ABORTED; maybe frame was detached?
Call log:
navigating to "https://cbl.salesflo.com/OB/login/", waiting until "domcontentloaded"

2026-05-13 11:49:01,031 [INFO] === CBL Load Form Details Bot START ===
2026-05-13 11:49:01,059 [INFO] DB: host=db42280.public.databaseasp.net port=3306 db=db42280 user_set=yes | Salesflo user_set=yes
2026-05-13 11:49:03,901 [INFO] MySQL tables ready: loadform_details, cbl_bot_run_log
2026-05-13 11:49:06,456 [INFO] [account_1] Navigating to login: https://cbl.salesflo.com/OB/login/
2026-05-13 11:50:19,501 [INFO] === CBL Load Form Details Bot START ===
2026-05-13 11:50:19,501 [INFO] DB: host=db42280.public.databaseasp.net port=3306 db=db42280 user_set=yes | Salesflo user_set=yes
2026-05-13 11:50:21,054 [INFO] MySQL tables ready: loadform_details, cbl_bot_run_log
2026-05-13 11:50:23,154 [INFO] [account_1] Navigating to login: https://cbl.salesflo.com/OB/login/
2026-05-13 11:51:08,183 [WARNING] [account_1] Login page timeout (attempt 1/3)
2026-05-13 11:55:15,546 [INFO] === CBL Load Form Details Bot START ===
2026-05-13 11:55:15,548 [INFO] DB: host=db42280.public.databaseasp.net port=3306 db=db42280 user_set=yes | Salesflo user_set=yes
2026-05-13 11:55:17,919 [INFO] MySQL tables ready: loadform_details, cbl_bot_run_log
2026-05-13 11:55:19,798 [INFO] [account_1] Navigating to login: https://cbl.salesflo.com/OB/login/
2026-05-13 11:55:25,045 [INFO] [account_1]   Page loaded (attempt 1, wait=domcontentloaded).
2026-05-13 11:55:35,211 [INFO] [account_1]   Waiting for dashboard after login...
2026-05-13 11:55:38,430 [INFO] [account_1] Logged in successfully.
2026-05-13 11:56:48,261 [INFO] === CBL Load Form Details Bot START ===
2026-05-13 11:56:48,261 [INFO] DB: host=db42280.public.databaseasp.net port=3306 db=db42280 user_set=yes | Salesflo user_set=yes
2026-05-13 11:56:49,432 [INFO] MySQL tables ready: loadform_details, cbl_bot_run_log
2026-05-13 11:56:51,416 [INFO] [account_1] Navigating to login: https://cbl.salesflo.com/OB/login/
2026-05-13 11:56:59,707 [INFO] [account_1]   Page loaded (attempt 1, wait=domcontentloaded).
2026-05-13 12:04:22,129 [INFO] === CBL Load Form Details Bot START ===
2026-05-13 12:04:22,129 [INFO] DB: host=db42280.public.databaseasp.net db=db42280 | Salesflo user_set=yes
2026-05-13 12:04:23,587 [INFO] MySQL tables ready: loadform_details, cbl_bot_run_log
2026-05-13 12:04:23,741 [INFO] No existing data. Backfilling 2026-05-05 → 2026-05-12.
2026-05-13 12:04:42,515 [INFO] Navigating to login: https://cbl.salesflo.com/OB/login/
2026-05-13 12:04:45,627 [INFO]   Page loaded (attempt 1, wait=domcontentloaded).
2026-05-13 12:04:57,900 [INFO]   Waiting for dashboard after login...
2026-05-13 12:05:01,062 [INFO] Logged in successfully. Current URL: https://cbl.salesflo.com/OB/home/
2026-05-13 12:05:01,063 [INFO] Navigating: Reports → Sale Reports → Load Form Summary Metrics
2026-05-13 12:05:04,134 [INFO] Step 1: Clicking Reports menu...
2026-05-13 12:05:04,166 [INFO]   Reports clicked: <div class="divOBTop" id="divOBTop">

 <div style="clear:both;"></div>

 <table 
2026-05-13 12:05:17,363 [WARNING]   Submenu may not have opened — trying Reports click again...
2026-05-13 12:05:20,383 [INFO] Step 2: Clicking Sale Reports...
2026-05-13 12:05:30,708 [INFO]   Re-clicking Reports to reopen submenu...
2026-05-13 12:05:42,962 [INFO]   Re-clicking Reports to reopen submenu...
2026-05-13 12:05:55,182 [INFO]   Re-clicking Reports to reopen submenu...
2026-05-13 12:06:07,396 [INFO]   Re-clicking Reports to reopen submenu...
2026-05-13 12:06:19,654 [ERROR] FAILED 2026-05-05 → 2026-05-12: Could not click Sale Reports after 50s.
2026-05-13 12:06:20,126 [INFO] Total rows in 'loadform_details': 0
2026-05-13 12:06:20,127 [ERROR] Bot finished with failures.
2026-05-13 12:06:20,127 [INFO] === CBL Load Form Details Bot DONE ===
2026-05-13 12:06:29,332 [INFO] === CBL Load Form Details Bot START ===
2026-05-13 12:06:29,333 [INFO] DB: host=db42280.public.databaseasp.net db=db42280 | Salesflo user_set=yes
2026-05-13 12:06:30,434 [INFO] MySQL tables ready: loadform_details, cbl_bot_run_log
2026-05-13 12:06:30,585 [INFO] No existing data. Backfilling 2026-05-05 → 2026-05-12.
2026-05-13 12:06:33,380 [INFO] Navigating to login: https://cbl.salesflo.com/OB/login/
2026-05-13 12:06:43,784 [INFO]   Page loaded (attempt 1, wait=domcontentloaded).
2026-05-13 12:06:56,538 [INFO]   Waiting for dashboard after login...
2026-05-13 12:06:59,907 [INFO] Logged in successfully. Current URL: https://cbl.salesflo.com/OB/home/
2026-05-13 12:06:59,908 [INFO] Navigating: Reports → Sale Reports → Load Form Summary Metrics
2026-05-13 12:07:02,993 [INFO] Step 1: Clicking Reports menu...
2026-05-13 12:07:03,049 [INFO]   Reports clicked: <div class="divOBTop" id="divOBTop">

 <div style="clear:both;"></div>

 <table 
2026-05-13 12:07:16,073 [WARNING]   Submenu may not have opened — trying Reports click again...
2026-05-13 12:07:19,111 [INFO] Step 2: Clicking Sale Reports...
2026-05-13 12:07:29,391 [INFO]   Re-clicking Reports to reopen submenu...
2026-05-13 12:07:41,704 [INFO]   Re-clicking Reports to reopen submenu...
2026-05-13 12:07:54,103 [INFO]   Re-clicking Reports to reopen submenu...
2026-05-13 12:08:06,509 [INFO]   Re-clicking Reports to reopen submenu...
2026-05-13 12:08:18,921 [ERROR] FAILED 2026-05-05 → 2026-05-12: Could not click Sale Reports after 50s.
2026-05-13 12:08:19,770 [INFO] Total rows in 'loadform_details': 0
2026-05-13 12:08:19,770 [ERROR] Bot finished with failures.
2026-05-13 12:08:19,770 [INFO] === CBL Load Form Details Bot DONE ===
